[
  {
    "line": 1,
    "elements": [
      {
        "line": 11,
        "name": "Successful Login with Valid Credentials",
        "description": "",
        "id": "login-action;successful-login-with-valid-credentials;;2",
        "type": "scenario",
        "keyword": "Scenario Outline",
        "steps": [
          {
            "result": {
              "duration": 16959917112,
              "status": "passed"
            },
            "line": 4,
            "name": "User is on Home Page",
            "match": {
              "location": "Test_Steps.user_is_on_Home_Page()"
            },
            "keyword": "Given "
          },
          {
            "result": {
              "duration": 4029510381,
              "status": "passed"
            },
            "line": 5,
            "name": "User Navigate to LogIn Page",
            "match": {
              "location": "Test_Steps.user_Navigate_to_LogIn_Page()"
            },
            "keyword": "When "
          },
          {
            "result": {
              "duration": 318019394,
              "status": "passed"
            },
            "line": 6,
            "name": "User enters orson and zhu15913141134",
            "match": {
              "arguments": [
                {
                  "val": "15913141134",
                  "offset": 25
                }
              ],
              "location": "Test_Steps.user_enters_orson_and_zhu(int)"
            },
            "matchedColumns": [
              0,
              1
            ],
            "keyword": "And "
          },
          {
            "result": {
              "duration": 10074980235,
              "error_message": "org.openqa.selenium.NoSuchElementException: no such element: Unable to locate element: {\"method\":\"partial link text\",\"selector\":\"Log out\"}\n  (Session info: chrome\u003d57.0.2987.133)\n  (Driver info: chromedriver\u003d2.29.461585 (0be2cd95f834e9ee7c46bcc7cf405b483f5ae83b),platform\u003dMac OS X 10.12.3 x86_64) (WARNING: The server did not provide any stacktrace information)\nCommand duration or timeout: 10.06 seconds\nFor documentation on this error, please visit: http://seleniumhq.org/exceptions/no_such_element.html\nBuild info: version: \u00273.3.1\u0027, revision: \u00275234b325d5\u0027, time: \u00272017-03-10 09:10:29 +0000\u0027\nSystem info: host: \u0027bogon\u0027, ip: \u0027fe80:0:0:0:14cf:f45e:adcb:6770%en0\u0027, os.name: \u0027Mac OS X\u0027, os.arch: \u0027x86_64\u0027, os.version: \u002710.12.3\u0027, java.version: \u00271.8.0_121\u0027\nDriver info: org.openqa.selenium.chrome.ChromeDriver\nCapabilities [{applicationCacheEnabled\u003dfalse, rotatable\u003dfalse, mobileEmulationEnabled\u003dfalse, networkConnectionEnabled\u003dfalse, chrome\u003d{chromedriverVersion\u003d2.29.461585 (0be2cd95f834e9ee7c46bcc7cf405b483f5ae83b), userDataDir\u003d/var/folders/pk/gxy71vb95v51ksw9wbr0dlnw0000gn/T/.org.chromium.Chromium.V6X0IL}, takesHeapSnapshot\u003dtrue, pageLoadStrategy\u003dnormal, databaseEnabled\u003dfalse, handlesAlerts\u003dtrue, hasTouchScreen\u003dfalse, version\u003d57.0.2987.133, platform\u003dMAC, browserConnectionEnabled\u003dfalse, nativeEvents\u003dtrue, acceptSslCerts\u003dtrue, locationContextEnabled\u003dtrue, webStorageEnabled\u003dtrue, browserName\u003dchrome, takesScreenshot\u003dtrue, javascriptEnabled\u003dtrue, cssSelectorsEnabled\u003dtrue, unexpectedAlertBehaviour\u003d}]\nSession ID: ba2d2dfa306df38964a2774c42f74477\n*** Element info: {Using\u003dpartial link text, value\u003dLog out}\n\tat sun.reflect.NativeConstructorAccessorImpl.newInstance0(Native Method)\n\tat sun.reflect.NativeConstructorAccessorImpl.newInstance(NativeConstructorAccessorImpl.java:62)\n\tat sun.reflect.DelegatingConstructorAccessorImpl.newInstance(DelegatingConstructorAccessorImpl.java:45)\n\tat java.lang.reflect.Constructor.newInstance(Constructor.java:423)\n\tat org.openqa.selenium.remote.ErrorHandler.createThrowable(ErrorHandler.java:216)\n\tat org.openqa.selenium.remote.ErrorHandler.throwIfResponseFailed(ErrorHandler.java:168)\n\tat org.openqa.selenium.remote.RemoteWebDriver.execute(RemoteWebDriver.java:638)\n\tat org.openqa.selenium.remote.RemoteWebDriver.findElement(RemoteWebDriver.java:371)\n\tat org.openqa.selenium.remote.RemoteWebDriver.findElementByPartialLinkText(RemoteWebDriver.java:436)\n\tat org.openqa.selenium.By$ByPartialLinkText.findElement(By.java:273)\n\tat org.openqa.selenium.remote.RemoteWebDriver.findElement(RemoteWebDriver.java:363)\n\tat stepDefinition.Test_Steps.message_displayed_Login_Successfully(Test_Steps.java:56)\n\tat ✽.Then Message displayed Login Successfully(LogIn_Test.feature:7)\n",
              "status": "failed"
            },
            "line": 7,
            "name": "Message displayed Login Successfully",
            "match": {
              "location": "Test_Steps.message_displayed_Login_Successfully()"
            },
            "keyword": "Then "
          }
        ]
      },
      {
        "line": 12,
        "name": "Successful Login with Valid Credentials",
        "description": "",
        "id": "login-action;successful-login-with-valid-credentials;;3",
        "type": "scenario",
        "keyword": "Scenario Outline",
        "steps": [
          {
            "result": {
              "duration": 12577341568,
              "status": "passed"
            },
            "line": 4,
            "name": "User is on Home Page",
            "match": {
              "location": "Test_Steps.user_is_on_Home_Page()"
            },
            "keyword": "Given "
          },
          {
            "result": {
              "duration": 2879418935,
              "status": "passed"
            },
            "line": 5,
            "name": "User Navigate to LogIn Page",
            "match": {
              "location": "Test_Steps.user_Navigate_to_LogIn_Page()"
            },
            "keyword": "When "
          },
          {
            "result": {
              "duration": 299236183,
              "status": "passed"
            },
            "line": 6,
            "name": "User enters boee and box123",
            "match": {
              "arguments": [
                {
                  "val": "123",
                  "offset": 24
                }
              ],
              "location": "Test_Steps.user_enters_boee_and_box(int)"
            },
            "matchedColumns": [
              0,
              1
            ],
            "keyword": "And "
          },
          {
            "result": {
              "duration": 10052666625,
              "error_message": "org.openqa.selenium.NoSuchElementException: no such element: Unable to locate element: {\"method\":\"partial link text\",\"selector\":\"Log out\"}\n  (Session info: chrome\u003d57.0.2987.133)\n  (Driver info: chromedriver\u003d2.29.461585 (0be2cd95f834e9ee7c46bcc7cf405b483f5ae83b),platform\u003dMac OS X 10.12.3 x86_64) (WARNING: The server did not provide any stacktrace information)\nCommand duration or timeout: 10.05 seconds\nFor documentation on this error, please visit: http://seleniumhq.org/exceptions/no_such_element.html\nBuild info: version: \u00273.3.1\u0027, revision: \u00275234b325d5\u0027, time: \u00272017-03-10 09:10:29 +0000\u0027\nSystem info: host: \u0027bogon\u0027, ip: \u0027fe80:0:0:0:14cf:f45e:adcb:6770%en0\u0027, os.name: \u0027Mac OS X\u0027, os.arch: \u0027x86_64\u0027, os.version: \u002710.12.3\u0027, java.version: \u00271.8.0_121\u0027\nDriver info: org.openqa.selenium.chrome.ChromeDriver\nCapabilities [{applicationCacheEnabled\u003dfalse, rotatable\u003dfalse, mobileEmulationEnabled\u003dfalse, networkConnectionEnabled\u003dfalse, chrome\u003d{chromedriverVersion\u003d2.29.461585 (0be2cd95f834e9ee7c46bcc7cf405b483f5ae83b), userDataDir\u003d/var/folders/pk/gxy71vb95v51ksw9wbr0dlnw0000gn/T/.org.chromium.Chromium.ALuSxM}, takesHeapSnapshot\u003dtrue, pageLoadStrategy\u003dnormal, databaseEnabled\u003dfalse, handlesAlerts\u003dtrue, hasTouchScreen\u003dfalse, version\u003d57.0.2987.133, platform\u003dMAC, browserConnectionEnabled\u003dfalse, nativeEvents\u003dtrue, acceptSslCerts\u003dtrue, locationContextEnabled\u003dtrue, webStorageEnabled\u003dtrue, browserName\u003dchrome, takesScreenshot\u003dtrue, javascriptEnabled\u003dtrue, cssSelectorsEnabled\u003dtrue, unexpectedAlertBehaviour\u003d}]\nSession ID: df642bb9fd1bd72e07fd40d464687db8\n*** Element info: {Using\u003dpartial link text, value\u003dLog out}\n\tat sun.reflect.NativeConstructorAccessorImpl.newInstance0(Native Method)\n\tat sun.reflect.NativeConstructorAccessorImpl.newInstance(NativeConstructorAccessorImpl.java:62)\n\tat sun.reflect.DelegatingConstructorAccessorImpl.newInstance(DelegatingConstructorAccessorImpl.java:45)\n\tat java.lang.reflect.Constructor.newInstance(Constructor.java:423)\n\tat org.openqa.selenium.remote.ErrorHandler.createThrowable(ErrorHandler.java:216)\n\tat org.openqa.selenium.remote.ErrorHandler.throwIfResponseFailed(ErrorHandler.java:168)\n\tat org.openqa.selenium.remote.RemoteWebDriver.execute(RemoteWebDriver.java:638)\n\tat org.openqa.selenium.remote.RemoteWebDriver.findElement(RemoteWebDriver.java:371)\n\tat org.openqa.selenium.remote.RemoteWebDriver.findElementByPartialLinkText(RemoteWebDriver.java:436)\n\tat org.openqa.selenium.By$ByPartialLinkText.findElement(By.java:273)\n\tat org.openqa.selenium.remote.RemoteWebDriver.findElement(RemoteWebDriver.java:363)\n\tat stepDefinition.Test_Steps.message_displayed_Login_Successfully(Test_Steps.java:56)\n\tat ✽.Then Message displayed Login Successfully(LogIn_Test.feature:7)\n",
              "status": "failed"
            },
            "line": 7,
            "name": "Message displayed Login Successfully",
            "match": {
              "location": "Test_Steps.message_displayed_Login_Successfully()"
            },
            "keyword": "Then "
          }
        ]
      }
    ],
    "name": "Login Action",
    "description": "",
    "id": "login-action",
    "keyword": "Feature",
    "uri": "LogIn_Test.feature"
  }
]